{
  "stats": {
    "suites": 1,
    "tests": 2,
    "passes": 2,
    "pending": 0,
    "failures": 0,
    "start": "2021-03-11T06:00:24.143Z",
    "end": "2021-03-11T06:00:39.533Z",
    "duration": 15390,
    "testsRegistered": 2,
    "passPercent": 100,
    "pendingPercent": 0,
    "other": 0,
    "hasOther": false,
    "skipped": 0,
    "hasSkipped": false
  },
  "results": [
    {
      "uuid": "a4965709-a8dc-4170-8975-7a754b5b2704",
      "title": "",
      "fullFile": "cypress\\integration\\login.ts",
      "file": "cypress\\integration\\login.ts",
      "beforeHooks": [],
      "afterHooks": [],
      "tests": [],
      "suites": [
        {
          "uuid": "c99d6599-f4d5-4795-89c8-d21dc56b4400",
          "title": "my login tests",
          "fullFile": "",
          "file": "",
          "beforeHooks": [],
          "afterHooks": [],
          "tests": [
            {
              "title": "login test-validcreds",
              "fullTitle": "my login tests login test-validcreds",
              "timedOut": null,
              "duration": 6136,
              "state": "passed",
              "speed": "slow",
              "pass": true,
              "fail": false,
              "pending": false,
              "context": null,
              "code": "login_page.loginWithValidCredentials('test', 'test');",
              "err": {},
              "uuid": "fa39a049-0c59-4fbf-8ca7-ef6139b36121",
              "parentUUID": "c99d6599-f4d5-4795-89c8-d21dc56b4400",
              "isHook": false,
              "skipped": false
            },
            {
              "title": "login test-invalidcreds",
              "fullTitle": "my login tests login test-invalidcreds",
              "timedOut": null,
              "duration": 2972,
              "state": "passed",
              "speed": "slow",
              "pass": true,
              "fail": false,
              "pending": false,
              "context": null,
              "code": "login_page.loginWithInValidCredentials('abc', '123');",
              "err": {},
              "uuid": "9f289dcf-b2d5-434f-9fd6-365b503aadca",
              "parentUUID": "c99d6599-f4d5-4795-89c8-d21dc56b4400",
              "isHook": false,
              "skipped": false
            }
          ],
          "suites": [],
          "passes": [
            "fa39a049-0c59-4fbf-8ca7-ef6139b36121",
            "9f289dcf-b2d5-434f-9fd6-365b503aadca"
          ],
          "failures": [],
          "pending": [],
          "skipped": [],
          "duration": 9108,
          "root": false,
          "rootEmpty": false,
          "_timeout": 2000
        }
      ],
      "passes": [],
      "failures": [],
      "pending": [],
      "skipped": [],
      "duration": 0,
      "root": true,
      "rootEmpty": true,
      "_timeout": 2000
    }
  ],
  "meta": {
    "mocha": {
      "version": "7.0.1"
    },
    "mochawesome": {
      "options": {
        "quiet": false,
        "reportFilename": "mochawesome",
        "saveHtml": false,
        "saveJson": true,
        "consoleReporter": "spec",
        "useInlineDiffs": false,
        "code": true
      },
      "version": "6.2.2"
    },
    "marge": {
      "options": {
        "reportDir": "cypress/results/json",
        "overwrite": false,
        "html": false,
        "json": true
      },
      "version": "5.2.0"
    }
  }
}